CRITICAL - 2023-04-29 12:41:02 --> Class "App\Controllers\EtudiantModel" not found
in APPPATH/Controllers/Home.php on line 9.
 1 SYSTEMPATH/CodeIgniter.php(934): App\Controllers\Home->index()
 2 SYSTEMPATH/CodeIgniter.php(499): CodeIgniter\CodeIgniter->runController(Object(App\Controllers\Home))
 3 SYSTEMPATH/CodeIgniter.php(368): CodeIgniter\CodeIgniter->handleRequest(null, Object(Config\Cache), false)
 4 FCPATH/index.php(67): CodeIgniter\CodeIgniter->run()
 5 SYSTEMPATH/Commands/Server/rewrite.php(47): require_once('/var/www/html/yggedu/public/index.php')
CRITICAL - 2023-04-29 12:41:02 --> Class "App\Controllers\EtudiantModel" not found
in APPPATH/Controllers/Home.php on line 9.
 1 SYSTEMPATH/CodeIgniter.php(934): App\Controllers\Home->index()
 2 SYSTEMPATH/CodeIgniter.php(499): CodeIgniter\CodeIgniter->runController(Object(App\Controllers\Home))
 3 SYSTEMPATH/CodeIgniter.php(368): CodeIgniter\CodeIgniter->handleRequest(null, Object(Config\Cache), false)
 4 FCPATH/index.php(67): CodeIgniter\CodeIgniter->run()
 5 SYSTEMPATH/Commands/Server/rewrite.php(47): require_once('/var/www/html/yggedu/public/index.php')
CRITICAL - 2023-04-29 12:41:22 --> Class "App\Models\BaseController" not found
in APPPATH/Controllers/Home.php on line 6.
 1 SYSTEMPATH/Autoloader/Autoloader.php(312): include_once()
 2 SYSTEMPATH/Autoloader/Autoloader.php(289): CodeIgniter\Autoloader\Autoloader->includeFile('/var/www/html/yggedu/app/Controllers/Home.php')
 3 SYSTEMPATH/Autoloader/Autoloader.php(267): CodeIgniter\Autoloader\Autoloader->loadInNamespace('App\\Controllers\\Home')
 4 [internal function]: CodeIgniter\Autoloader\Autoloader->loadClass('App\\Controllers\\Home')
 5 SYSTEMPATH/CodeIgniter.php(892): class_exists('\\App\\Controllers\\Home', true)
 6 SYSTEMPATH/CodeIgniter.php(486): CodeIgniter\CodeIgniter->startController()
 7 SYSTEMPATH/CodeIgniter.php(368): CodeIgniter\CodeIgniter->handleRequest(null, Object(Config\Cache), false)
 8 FCPATH/index.php(67): CodeIgniter\CodeIgniter->run()
 9 SYSTEMPATH/Commands/Server/rewrite.php(47): require_once('/var/www/html/yggedu/public/index.php')
CRITICAL - 2023-04-29 12:42:34 --> Class "CodeIgniter\Models" not found
in APPPATH/Controllers/Home.php on line 10.
 1 SYSTEMPATH/CodeIgniter.php(934): App\Controllers\Home->index()
 2 SYSTEMPATH/CodeIgniter.php(499): CodeIgniter\CodeIgniter->runController(Object(App\Controllers\Home))
 3 SYSTEMPATH/CodeIgniter.php(368): CodeIgniter\CodeIgniter->handleRequest(null, Object(Config\Cache), false)
 4 FCPATH/index.php(67): CodeIgniter\CodeIgniter->run()
 5 SYSTEMPATH/Commands/Server/rewrite.php(47): require_once('/var/www/html/yggedu/public/index.php')
CRITICAL - 2023-04-29 12:43:15 --> Class "App\Models\Etudiant" not found
in APPPATH/Controllers/Home.php on line 10.
 1 SYSTEMPATH/CodeIgniter.php(934): App\Controllers\Home->index()
 2 SYSTEMPATH/CodeIgniter.php(499): CodeIgniter\CodeIgniter->runController(Object(App\Controllers\Home))
 3 SYSTEMPATH/CodeIgniter.php(368): CodeIgniter\CodeIgniter->handleRequest(null, Object(Config\Cache), false)
 4 FCPATH/index.php(67): CodeIgniter\CodeIgniter->run()
 5 SYSTEMPATH/Commands/Server/rewrite.php(47): require_once('/var/www/html/yggedu/public/index.php')
CRITICAL - 2023-04-29 12:46:27 --> Call to undefined function App\Models\EtudiantModel()
in APPPATH/Controllers/Home.php on line 10.
 1 SYSTEMPATH/CodeIgniter.php(934): App\Controllers\Home->index()
 2 SYSTEMPATH/CodeIgniter.php(499): CodeIgniter\CodeIgniter->runController(Object(App\Controllers\Home))
 3 SYSTEMPATH/CodeIgniter.php(368): CodeIgniter\CodeIgniter->handleRequest(null, Object(Config\Cache), false)
 4 FCPATH/index.php(67): CodeIgniter\CodeIgniter->run()
 5 SYSTEMPATH/Commands/Server/rewrite.php(47): require_once('/var/www/html/yggedu/public/index.php')
ERROR - 2023-04-29 12:46:50 --> Error connecting to the database: ErrorException: mysqli::real_connect(): php_network_getaddresses: getaddrinfo for db failed: Name or service not known in /var/www/html/yggedu/system/Database/MySQLi/Connection.php:173
Stack trace:
#0 [internal function]: CodeIgniter\Debug\Exceptions->errorHandler(2, 'mysqli::real_co...', '/var/www/html/y...', 173)
#1 /var/www/html/yggedu/system/Database/MySQLi/Connection.php(173): mysqli->real_connect('db', 'myuser', Object(SensitiveParameterValue), 'iai_php', NULL, '', 0)
#2 /var/www/html/yggedu/system/Database/BaseConnection.php(391): CodeIgniter\Database\MySQLi\Connection->connect(false)
#3 /var/www/html/yggedu/system/Database/BaseConnection.php(573): CodeIgniter\Database\BaseConnection->initialize()
#4 /var/www/html/yggedu/app/Models/EtudiantModel.php(22): CodeIgniter\Database\BaseConnection->query('INSERT INTO Etu...', Array)
#5 /var/www/html/yggedu/app/Controllers/Home.php(11): App\Models\EtudiantModel->insert()
#6 /var/www/html/yggedu/system/CodeIgniter.php(934): App\Controllers\Home->index()
#7 /var/www/html/yggedu/system/CodeIgniter.php(499): CodeIgniter\CodeIgniter->runController(Object(App\Controllers\Home))
#8 /var/www/html/yggedu/system/CodeIgniter.php(368): CodeIgniter\CodeIgniter->handleRequest(NULL, Object(Config\Cache), false)
#9 /var/www/html/yggedu/public/index.php(67): CodeIgniter\CodeIgniter->run()
#10 /var/www/html/yggedu/system/Commands/Server/rewrite.php(47): require_once('/var/www/html/y...')
#11 {main}

Next mysqli_sql_exception: php_network_getaddresses: getaddrinfo for db failed: Name or service not known in /var/www/html/yggedu/system/Database/MySQLi/Connection.php:173
Stack trace:
#0 /var/www/html/yggedu/system/Database/MySQLi/Connection.php(173): mysqli->real_connect('db', 'myuser', Object(SensitiveParameterValue), 'iai_php', NULL, '', 0)
#1 /var/www/html/yggedu/system/Database/BaseConnection.php(391): CodeIgniter\Database\MySQLi\Connection->connect(false)
#2 /var/www/html/yggedu/system/Database/BaseConnection.php(573): CodeIgniter\Database\BaseConnection->initialize()
#3 /var/www/html/yggedu/app/Models/EtudiantModel.php(22): CodeIgniter\Database\BaseConnection->query('INSERT INTO Etu...', Array)
#4 /var/www/html/yggedu/app/Controllers/Home.php(11): App\Models\EtudiantModel->insert()
#5 /var/www/html/yggedu/system/CodeIgniter.php(934): App\Controllers\Home->index()
#6 /var/www/html/yggedu/system/CodeIgniter.php(499): CodeIgniter\CodeIgniter->runController(Object(App\Controllers\Home))
#7 /var/www/html/yggedu/system/CodeIgniter.php(368): CodeIgniter\CodeIgniter->handleRequest(NULL, Object(Config\Cache), false)
#8 /var/www/html/yggedu/public/index.php(67): CodeIgniter\CodeIgniter->run()
#9 /var/www/html/yggedu/system/Commands/Server/rewrite.php(47): require_once('/var/www/html/y...')
#10 {main}

Next CodeIgniter\Database\Exceptions\DatabaseException: php_network_getaddresses: getaddrinfo for db failed: Name or service not known in /var/www/html/yggedu/system/Database/MySQLi/Connection.php:218
Stack trace:
#0 /var/www/html/yggedu/system/Database/BaseConnection.php(391): CodeIgniter\Database\MySQLi\Connection->connect(false)
#1 /var/www/html/yggedu/system/Database/BaseConnection.php(573): CodeIgniter\Database\BaseConnection->initialize()
#2 /var/www/html/yggedu/app/Models/EtudiantModel.php(22): CodeIgniter\Database\BaseConnection->query('INSERT INTO Etu...', Array)
#3 /var/www/html/yggedu/app/Controllers/Home.php(11): App\Models\EtudiantModel->insert()
#4 /var/www/html/yggedu/system/CodeIgniter.php(934): App\Controllers\Home->index()
#5 /var/www/html/yggedu/system/CodeIgniter.php(499): CodeIgniter\CodeIgniter->runController(Object(App\Controllers\Home))
#6 /var/www/html/yggedu/system/CodeIgniter.php(368): CodeIgniter\CodeIgniter->handleRequest(NULL, Object(Config\Cache), false)
#7 /var/www/html/yggedu/public/index.php(67): CodeIgniter\CodeIgniter->run()
#8 /var/www/html/yggedu/system/Commands/Server/rewrite.php(47): require_once('/var/www/html/y...')
#9 {main}
CRITICAL - 2023-04-29 12:46:50 --> Unable to connect to the database.
Main connection [MySQLi]: php_network_getaddresses: getaddrinfo for db failed: Name or service not known
in SYSTEMPATH/Database/BaseConnection.php on line 427.
 1 SYSTEMPATH/Database/BaseConnection.php(573): CodeIgniter\Database\BaseConnection->initialize()
 2 APPPATH/Models/EtudiantModel.php(22): CodeIgniter\Database\BaseConnection->query('INSERT INTO Etudiant VALUES (?,?)', [...])
 3 APPPATH/Controllers/Home.php(11): App\Models\EtudiantModel->insert()
 4 SYSTEMPATH/CodeIgniter.php(934): App\Controllers\Home->index()
 5 SYSTEMPATH/CodeIgniter.php(499): CodeIgniter\CodeIgniter->runController(Object(App\Controllers\Home))
 6 SYSTEMPATH/CodeIgniter.php(368): CodeIgniter\CodeIgniter->handleRequest(null, Object(Config\Cache), false)
 7 FCPATH/index.php(67): CodeIgniter\CodeIgniter->run()
 8 SYSTEMPATH/Commands/Server/rewrite.php(47): require_once('/var/www/html/yggedu/public/index.php')
ERROR - 2023-04-29 12:47:28 --> Error connecting to the database: ErrorException: mysqli::real_connect(): php_network_getaddresses: getaddrinfo for db failed: Name or service not known in /var/www/html/yggedu/system/Database/MySQLi/Connection.php:173
Stack trace:
#0 [internal function]: CodeIgniter\Debug\Exceptions->errorHandler(2, 'mysqli::real_co...', '/var/www/html/y...', 173)
#1 /var/www/html/yggedu/system/Database/MySQLi/Connection.php(173): mysqli->real_connect('db', 'myuser', Object(SensitiveParameterValue), 'iai_php', NULL, '', 0)
#2 /var/www/html/yggedu/system/Database/BaseConnection.php(391): CodeIgniter\Database\MySQLi\Connection->connect(false)
#3 /var/www/html/yggedu/system/Database/BaseConnection.php(573): CodeIgniter\Database\BaseConnection->initialize()
#4 /var/www/html/yggedu/app/Models/EtudiantModel.php(22): CodeIgniter\Database\BaseConnection->query('INSERT INTO Etu...', Array)
#5 /var/www/html/yggedu/app/Controllers/Home.php(11): App\Models\EtudiantModel->insert()
#6 /var/www/html/yggedu/system/CodeIgniter.php(934): App\Controllers\Home->index()
#7 /var/www/html/yggedu/system/CodeIgniter.php(499): CodeIgniter\CodeIgniter->runController(Object(App\Controllers\Home))
#8 /var/www/html/yggedu/system/CodeIgniter.php(368): CodeIgniter\CodeIgniter->handleRequest(NULL, Object(Config\Cache), false)
#9 /var/www/html/yggedu/public/index.php(67): CodeIgniter\CodeIgniter->run()
#10 /var/www/html/yggedu/system/Commands/Server/rewrite.php(47): require_once('/var/www/html/y...')
#11 {main}

Next mysqli_sql_exception: php_network_getaddresses: getaddrinfo for db failed: Name or service not known in /var/www/html/yggedu/system/Database/MySQLi/Connection.php:173
Stack trace:
#0 /var/www/html/yggedu/system/Database/MySQLi/Connection.php(173): mysqli->real_connect('db', 'myuser', Object(SensitiveParameterValue), 'iai_php', NULL, '', 0)
#1 /var/www/html/yggedu/system/Database/BaseConnection.php(391): CodeIgniter\Database\MySQLi\Connection->connect(false)
#2 /var/www/html/yggedu/system/Database/BaseConnection.php(573): CodeIgniter\Database\BaseConnection->initialize()
#3 /var/www/html/yggedu/app/Models/EtudiantModel.php(22): CodeIgniter\Database\BaseConnection->query('INSERT INTO Etu...', Array)
#4 /var/www/html/yggedu/app/Controllers/Home.php(11): App\Models\EtudiantModel->insert()
#5 /var/www/html/yggedu/system/CodeIgniter.php(934): App\Controllers\Home->index()
#6 /var/www/html/yggedu/system/CodeIgniter.php(499): CodeIgniter\CodeIgniter->runController(Object(App\Controllers\Home))
#7 /var/www/html/yggedu/system/CodeIgniter.php(368): CodeIgniter\CodeIgniter->handleRequest(NULL, Object(Config\Cache), false)
#8 /var/www/html/yggedu/public/index.php(67): CodeIgniter\CodeIgniter->run()
#9 /var/www/html/yggedu/system/Commands/Server/rewrite.php(47): require_once('/var/www/html/y...')
#10 {main}

Next CodeIgniter\Database\Exceptions\DatabaseException: php_network_getaddresses: getaddrinfo for db failed: Name or service not known in /var/www/html/yggedu/system/Database/MySQLi/Connection.php:218
Stack trace:
#0 /var/www/html/yggedu/system/Database/BaseConnection.php(391): CodeIgniter\Database\MySQLi\Connection->connect(false)
#1 /var/www/html/yggedu/system/Database/BaseConnection.php(573): CodeIgniter\Database\BaseConnection->initialize()
#2 /var/www/html/yggedu/app/Models/EtudiantModel.php(22): CodeIgniter\Database\BaseConnection->query('INSERT INTO Etu...', Array)
#3 /var/www/html/yggedu/app/Controllers/Home.php(11): App\Models\EtudiantModel->insert()
#4 /var/www/html/yggedu/system/CodeIgniter.php(934): App\Controllers\Home->index()
#5 /var/www/html/yggedu/system/CodeIgniter.php(499): CodeIgniter\CodeIgniter->runController(Object(App\Controllers\Home))
#6 /var/www/html/yggedu/system/CodeIgniter.php(368): CodeIgniter\CodeIgniter->handleRequest(NULL, Object(Config\Cache), false)
#7 /var/www/html/yggedu/public/index.php(67): CodeIgniter\CodeIgniter->run()
#8 /var/www/html/yggedu/system/Commands/Server/rewrite.php(47): require_once('/var/www/html/y...')
#9 {main}
CRITICAL - 2023-04-29 12:47:28 --> Unable to connect to the database.
Main connection [MySQLi]: php_network_getaddresses: getaddrinfo for db failed: Name or service not known
in SYSTEMPATH/Database/BaseConnection.php on line 427.
 1 SYSTEMPATH/Database/BaseConnection.php(573): CodeIgniter\Database\BaseConnection->initialize()
 2 APPPATH/Models/EtudiantModel.php(22): CodeIgniter\Database\BaseConnection->query('INSERT INTO Etudiant VALUES (?,?)', [...])
 3 APPPATH/Controllers/Home.php(11): App\Models\EtudiantModel->insert()
 4 SYSTEMPATH/CodeIgniter.php(934): App\Controllers\Home->index()
 5 SYSTEMPATH/CodeIgniter.php(499): CodeIgniter\CodeIgniter->runController(Object(App\Controllers\Home))
 6 SYSTEMPATH/CodeIgniter.php(368): CodeIgniter\CodeIgniter->handleRequest(null, Object(Config\Cache), false)
 7 FCPATH/index.php(67): CodeIgniter\CodeIgniter->run()
 8 SYSTEMPATH/Commands/Server/rewrite.php(47): require_once('/var/www/html/yggedu/public/index.php')
ERROR - 2023-04-29 12:47:31 --> Error connecting to the database: ErrorException: mysqli::real_connect(): php_network_getaddresses: getaddrinfo for db failed: Name or service not known in /var/www/html/yggedu/system/Database/MySQLi/Connection.php:173
Stack trace:
#0 [internal function]: CodeIgniter\Debug\Exceptions->errorHandler(2, 'mysqli::real_co...', '/var/www/html/y...', 173)
#1 /var/www/html/yggedu/system/Database/MySQLi/Connection.php(173): mysqli->real_connect('db', 'myuser', Object(SensitiveParameterValue), 'iai_php', NULL, '', 0)
#2 /var/www/html/yggedu/system/Database/BaseConnection.php(391): CodeIgniter\Database\MySQLi\Connection->connect(false)
#3 /var/www/html/yggedu/system/Database/BaseConnection.php(573): CodeIgniter\Database\BaseConnection->initialize()
#4 /var/www/html/yggedu/app/Models/EtudiantModel.php(22): CodeIgniter\Database\BaseConnection->query('INSERT INTO Etu...', Array)
#5 /var/www/html/yggedu/app/Controllers/Home.php(11): App\Models\EtudiantModel->insert()
#6 /var/www/html/yggedu/system/CodeIgniter.php(934): App\Controllers\Home->index()
#7 /var/www/html/yggedu/system/CodeIgniter.php(499): CodeIgniter\CodeIgniter->runController(Object(App\Controllers\Home))
#8 /var/www/html/yggedu/system/CodeIgniter.php(368): CodeIgniter\CodeIgniter->handleRequest(NULL, Object(Config\Cache), false)
#9 /var/www/html/yggedu/public/index.php(67): CodeIgniter\CodeIgniter->run()
#10 /var/www/html/yggedu/system/Commands/Server/rewrite.php(47): require_once('/var/www/html/y...')
#11 {main}

Next mysqli_sql_exception: php_network_getaddresses: getaddrinfo for db failed: Name or service not known in /var/www/html/yggedu/system/Database/MySQLi/Connection.php:173
Stack trace:
#0 /var/www/html/yggedu/system/Database/MySQLi/Connection.php(173): mysqli->real_connect('db', 'myuser', Object(SensitiveParameterValue), 'iai_php', NULL, '', 0)
#1 /var/www/html/yggedu/system/Database/BaseConnection.php(391): CodeIgniter\Database\MySQLi\Connection->connect(false)
#2 /var/www/html/yggedu/system/Database/BaseConnection.php(573): CodeIgniter\Database\BaseConnection->initialize()
#3 /var/www/html/yggedu/app/Models/EtudiantModel.php(22): CodeIgniter\Database\BaseConnection->query('INSERT INTO Etu...', Array)
#4 /var/www/html/yggedu/app/Controllers/Home.php(11): App\Models\EtudiantModel->insert()
#5 /var/www/html/yggedu/system/CodeIgniter.php(934): App\Controllers\Home->index()
#6 /var/www/html/yggedu/system/CodeIgniter.php(499): CodeIgniter\CodeIgniter->runController(Object(App\Controllers\Home))
#7 /var/www/html/yggedu/system/CodeIgniter.php(368): CodeIgniter\CodeIgniter->handleRequest(NULL, Object(Config\Cache), false)
#8 /var/www/html/yggedu/public/index.php(67): CodeIgniter\CodeIgniter->run()
#9 /var/www/html/yggedu/system/Commands/Server/rewrite.php(47): require_once('/var/www/html/y...')
#10 {main}

Next CodeIgniter\Database\Exceptions\DatabaseException: php_network_getaddresses: getaddrinfo for db failed: Name or service not known in /var/www/html/yggedu/system/Database/MySQLi/Connection.php:218
Stack trace:
#0 /var/www/html/yggedu/system/Database/BaseConnection.php(391): CodeIgniter\Database\MySQLi\Connection->connect(false)
#1 /var/www/html/yggedu/system/Database/BaseConnection.php(573): CodeIgniter\Database\BaseConnection->initialize()
#2 /var/www/html/yggedu/app/Models/EtudiantModel.php(22): CodeIgniter\Database\BaseConnection->query('INSERT INTO Etu...', Array)
#3 /var/www/html/yggedu/app/Controllers/Home.php(11): App\Models\EtudiantModel->insert()
#4 /var/www/html/yggedu/system/CodeIgniter.php(934): App\Controllers\Home->index()
#5 /var/www/html/yggedu/system/CodeIgniter.php(499): CodeIgniter\CodeIgniter->runController(Object(App\Controllers\Home))
#6 /var/www/html/yggedu/system/CodeIgniter.php(368): CodeIgniter\CodeIgniter->handleRequest(NULL, Object(Config\Cache), false)
#7 /var/www/html/yggedu/public/index.php(67): CodeIgniter\CodeIgniter->run()
#8 /var/www/html/yggedu/system/Commands/Server/rewrite.php(47): require_once('/var/www/html/y...')
#9 {main}
CRITICAL - 2023-04-29 12:47:31 --> Unable to connect to the database.
Main connection [MySQLi]: php_network_getaddresses: getaddrinfo for db failed: Name or service not known
in SYSTEMPATH/Database/BaseConnection.php on line 427.
 1 SYSTEMPATH/Database/BaseConnection.php(573): CodeIgniter\Database\BaseConnection->initialize()
 2 APPPATH/Models/EtudiantModel.php(22): CodeIgniter\Database\BaseConnection->query('INSERT INTO Etudiant VALUES (?,?)', [...])
 3 APPPATH/Controllers/Home.php(11): App\Models\EtudiantModel->insert()
 4 SYSTEMPATH/CodeIgniter.php(934): App\Controllers\Home->index()
 5 SYSTEMPATH/CodeIgniter.php(499): CodeIgniter\CodeIgniter->runController(Object(App\Controllers\Home))
 6 SYSTEMPATH/CodeIgniter.php(368): CodeIgniter\CodeIgniter->handleRequest(null, Object(Config\Cache), false)
 7 FCPATH/index.php(67): CodeIgniter\CodeIgniter->run()
 8 SYSTEMPATH/Commands/Server/rewrite.php(47): require_once('/var/www/html/yggedu/public/index.php')
ERROR - 2023-04-29 12:47:36 --> Error connecting to the database: ErrorException: mysqli::real_connect(): php_network_getaddresses: getaddrinfo for db failed: Name or service not known in /var/www/html/yggedu/system/Database/MySQLi/Connection.php:173
Stack trace:
#0 [internal function]: CodeIgniter\Debug\Exceptions->errorHandler(2, 'mysqli::real_co...', '/var/www/html/y...', 173)
#1 /var/www/html/yggedu/system/Database/MySQLi/Connection.php(173): mysqli->real_connect('db', 'myuser', Object(SensitiveParameterValue), 'iai_php', NULL, '', 0)
#2 /var/www/html/yggedu/system/Database/BaseConnection.php(391): CodeIgniter\Database\MySQLi\Connection->connect(false)
#3 /var/www/html/yggedu/system/Database/BaseConnection.php(573): CodeIgniter\Database\BaseConnection->initialize()
#4 /var/www/html/yggedu/app/Models/EtudiantModel.php(22): CodeIgniter\Database\BaseConnection->query('INSERT INTO Etu...', Array)
#5 /var/www/html/yggedu/app/Controllers/Home.php(11): App\Models\EtudiantModel->insert()
#6 /var/www/html/yggedu/system/CodeIgniter.php(934): App\Controllers\Home->index()
#7 /var/www/html/yggedu/system/CodeIgniter.php(499): CodeIgniter\CodeIgniter->runController(Object(App\Controllers\Home))
#8 /var/www/html/yggedu/system/CodeIgniter.php(368): CodeIgniter\CodeIgniter->handleRequest(NULL, Object(Config\Cache), false)
#9 /var/www/html/yggedu/public/index.php(67): CodeIgniter\CodeIgniter->run()
#10 /var/www/html/yggedu/system/Commands/Server/rewrite.php(47): require_once('/var/www/html/y...')
#11 {main}

Next mysqli_sql_exception: php_network_getaddresses: getaddrinfo for db failed: Name or service not known in /var/www/html/yggedu/system/Database/MySQLi/Connection.php:173
Stack trace:
#0 /var/www/html/yggedu/system/Database/MySQLi/Connection.php(173): mysqli->real_connect('db', 'myuser', Object(SensitiveParameterValue), 'iai_php', NULL, '', 0)
#1 /var/www/html/yggedu/system/Database/BaseConnection.php(391): CodeIgniter\Database\MySQLi\Connection->connect(false)
#2 /var/www/html/yggedu/system/Database/BaseConnection.php(573): CodeIgniter\Database\BaseConnection->initialize()
#3 /var/www/html/yggedu/app/Models/EtudiantModel.php(22): CodeIgniter\Database\BaseConnection->query('INSERT INTO Etu...', Array)
#4 /var/www/html/yggedu/app/Controllers/Home.php(11): App\Models\EtudiantModel->insert()
#5 /var/www/html/yggedu/system/CodeIgniter.php(934): App\Controllers\Home->index()
#6 /var/www/html/yggedu/system/CodeIgniter.php(499): CodeIgniter\CodeIgniter->runController(Object(App\Controllers\Home))
#7 /var/www/html/yggedu/system/CodeIgniter.php(368): CodeIgniter\CodeIgniter->handleRequest(NULL, Object(Config\Cache), false)
#8 /var/www/html/yggedu/public/index.php(67): CodeIgniter\CodeIgniter->run()
#9 /var/www/html/yggedu/system/Commands/Server/rewrite.php(47): require_once('/var/www/html/y...')
#10 {main}

Next CodeIgniter\Database\Exceptions\DatabaseException: php_network_getaddresses: getaddrinfo for db failed: Name or service not known in /var/www/html/yggedu/system/Database/MySQLi/Connection.php:218
Stack trace:
#0 /var/www/html/yggedu/system/Database/BaseConnection.php(391): CodeIgniter\Database\MySQLi\Connection->connect(false)
#1 /var/www/html/yggedu/system/Database/BaseConnection.php(573): CodeIgniter\Database\BaseConnection->initialize()
#2 /var/www/html/yggedu/app/Models/EtudiantModel.php(22): CodeIgniter\Database\BaseConnection->query('INSERT INTO Etu...', Array)
#3 /var/www/html/yggedu/app/Controllers/Home.php(11): App\Models\EtudiantModel->insert()
#4 /var/www/html/yggedu/system/CodeIgniter.php(934): App\Controllers\Home->index()
#5 /var/www/html/yggedu/system/CodeIgniter.php(499): CodeIgniter\CodeIgniter->runController(Object(App\Controllers\Home))
#6 /var/www/html/yggedu/system/CodeIgniter.php(368): CodeIgniter\CodeIgniter->handleRequest(NULL, Object(Config\Cache), false)
#7 /var/www/html/yggedu/public/index.php(67): CodeIgniter\CodeIgniter->run()
#8 /var/www/html/yggedu/system/Commands/Server/rewrite.php(47): require_once('/var/www/html/y...')
#9 {main}
CRITICAL - 2023-04-29 12:47:36 --> Unable to connect to the database.
Main connection [MySQLi]: php_network_getaddresses: getaddrinfo for db failed: Name or service not known
in SYSTEMPATH/Database/BaseConnection.php on line 427.
 1 SYSTEMPATH/Database/BaseConnection.php(573): CodeIgniter\Database\BaseConnection->initialize()
 2 APPPATH/Models/EtudiantModel.php(22): CodeIgniter\Database\BaseConnection->query('INSERT INTO Etudiant VALUES (?,?)', [...])
 3 APPPATH/Controllers/Home.php(11): App\Models\EtudiantModel->insert()
 4 SYSTEMPATH/CodeIgniter.php(934): App\Controllers\Home->index()
 5 SYSTEMPATH/CodeIgniter.php(499): CodeIgniter\CodeIgniter->runController(Object(App\Controllers\Home))
 6 SYSTEMPATH/CodeIgniter.php(368): CodeIgniter\CodeIgniter->handleRequest(null, Object(Config\Cache), false)
 7 FCPATH/index.php(67): CodeIgniter\CodeIgniter->run()
 8 SYSTEMPATH/Commands/Server/rewrite.php(47): require_once('/var/www/html/yggedu/public/index.php')
ERROR - 2023-04-29 12:47:37 --> Error connecting to the database: ErrorException: mysqli::real_connect(): php_network_getaddresses: getaddrinfo for db failed: Name or service not known in /var/www/html/yggedu/system/Database/MySQLi/Connection.php:173
Stack trace:
#0 [internal function]: CodeIgniter\Debug\Exceptions->errorHandler(2, 'mysqli::real_co...', '/var/www/html/y...', 173)
#1 /var/www/html/yggedu/system/Database/MySQLi/Connection.php(173): mysqli->real_connect('db', 'myuser', Object(SensitiveParameterValue), 'iai_php', NULL, '', 0)
#2 /var/www/html/yggedu/system/Database/BaseConnection.php(391): CodeIgniter\Database\MySQLi\Connection->connect(false)
#3 /var/www/html/yggedu/system/Database/BaseConnection.php(573): CodeIgniter\Database\BaseConnection->initialize()
#4 /var/www/html/yggedu/app/Models/EtudiantModel.php(22): CodeIgniter\Database\BaseConnection->query('INSERT INTO Etu...', Array)
#5 /var/www/html/yggedu/app/Controllers/Home.php(11): App\Models\EtudiantModel->insert()
#6 /var/www/html/yggedu/system/CodeIgniter.php(934): App\Controllers\Home->index()
#7 /var/www/html/yggedu/system/CodeIgniter.php(499): CodeIgniter\CodeIgniter->runController(Object(App\Controllers\Home))
#8 /var/www/html/yggedu/system/CodeIgniter.php(368): CodeIgniter\CodeIgniter->handleRequest(NULL, Object(Config\Cache), false)
#9 /var/www/html/yggedu/public/index.php(67): CodeIgniter\CodeIgniter->run()
#10 /var/www/html/yggedu/system/Commands/Server/rewrite.php(47): require_once('/var/www/html/y...')
#11 {main}

Next mysqli_sql_exception: php_network_getaddresses: getaddrinfo for db failed: Name or service not known in /var/www/html/yggedu/system/Database/MySQLi/Connection.php:173
Stack trace:
#0 /var/www/html/yggedu/system/Database/MySQLi/Connection.php(173): mysqli->real_connect('db', 'myuser', Object(SensitiveParameterValue), 'iai_php', NULL, '', 0)
#1 /var/www/html/yggedu/system/Database/BaseConnection.php(391): CodeIgniter\Database\MySQLi\Connection->connect(false)
#2 /var/www/html/yggedu/system/Database/BaseConnection.php(573): CodeIgniter\Database\BaseConnection->initialize()
#3 /var/www/html/yggedu/app/Models/EtudiantModel.php(22): CodeIgniter\Database\BaseConnection->query('INSERT INTO Etu...', Array)
#4 /var/www/html/yggedu/app/Controllers/Home.php(11): App\Models\EtudiantModel->insert()
#5 /var/www/html/yggedu/system/CodeIgniter.php(934): App\Controllers\Home->index()
#6 /var/www/html/yggedu/system/CodeIgniter.php(499): CodeIgniter\CodeIgniter->runController(Object(App\Controllers\Home))
#7 /var/www/html/yggedu/system/CodeIgniter.php(368): CodeIgniter\CodeIgniter->handleRequest(NULL, Object(Config\Cache), false)
#8 /var/www/html/yggedu/public/index.php(67): CodeIgniter\CodeIgniter->run()
#9 /var/www/html/yggedu/system/Commands/Server/rewrite.php(47): require_once('/var/www/html/y...')
#10 {main}

Next CodeIgniter\Database\Exceptions\DatabaseException: php_network_getaddresses: getaddrinfo for db failed: Name or service not known in /var/www/html/yggedu/system/Database/MySQLi/Connection.php:218
Stack trace:
#0 /var/www/html/yggedu/system/Database/BaseConnection.php(391): CodeIgniter\Database\MySQLi\Connection->connect(false)
#1 /var/www/html/yggedu/system/Database/BaseConnection.php(573): CodeIgniter\Database\BaseConnection->initialize()
#2 /var/www/html/yggedu/app/Models/EtudiantModel.php(22): CodeIgniter\Database\BaseConnection->query('INSERT INTO Etu...', Array)
#3 /var/www/html/yggedu/app/Controllers/Home.php(11): App\Models\EtudiantModel->insert()
#4 /var/www/html/yggedu/system/CodeIgniter.php(934): App\Controllers\Home->index()
#5 /var/www/html/yggedu/system/CodeIgniter.php(499): CodeIgniter\CodeIgniter->runController(Object(App\Controllers\Home))
#6 /var/www/html/yggedu/system/CodeIgniter.php(368): CodeIgniter\CodeIgniter->handleRequest(NULL, Object(Config\Cache), false)
#7 /var/www/html/yggedu/public/index.php(67): CodeIgniter\CodeIgniter->run()
#8 /var/www/html/yggedu/system/Commands/Server/rewrite.php(47): require_once('/var/www/html/y...')
#9 {main}
CRITICAL - 2023-04-29 12:47:37 --> Unable to connect to the database.
Main connection [MySQLi]: php_network_getaddresses: getaddrinfo for db failed: Name or service not known
in SYSTEMPATH/Database/BaseConnection.php on line 427.
 1 SYSTEMPATH/Database/BaseConnection.php(573): CodeIgniter\Database\BaseConnection->initialize()
 2 APPPATH/Models/EtudiantModel.php(22): CodeIgniter\Database\BaseConnection->query('INSERT INTO Etudiant VALUES (?,?)', [...])
 3 APPPATH/Controllers/Home.php(11): App\Models\EtudiantModel->insert()
 4 SYSTEMPATH/CodeIgniter.php(934): App\Controllers\Home->index()
 5 SYSTEMPATH/CodeIgniter.php(499): CodeIgniter\CodeIgniter->runController(Object(App\Controllers\Home))
 6 SYSTEMPATH/CodeIgniter.php(368): CodeIgniter\CodeIgniter->handleRequest(null, Object(Config\Cache), false)
 7 FCPATH/index.php(67): CodeIgniter\CodeIgniter->run()
 8 SYSTEMPATH/Commands/Server/rewrite.php(47): require_once('/var/www/html/yggedu/public/index.php')
ERROR - 2023-04-29 12:47:55 --> Error connecting to the database: ErrorException: mysqli::real_connect(): php_network_getaddresses: getaddrinfo for db failed: Name or service not known in /var/www/html/yggedu/system/Database/MySQLi/Connection.php:173
Stack trace:
#0 [internal function]: CodeIgniter\Debug\Exceptions->errorHandler(2, 'mysqli::real_co...', '/var/www/html/y...', 173)
#1 /var/www/html/yggedu/system/Database/MySQLi/Connection.php(173): mysqli->real_connect('db', 'myuser', Object(SensitiveParameterValue), 'iai_php', NULL, '', 0)
#2 /var/www/html/yggedu/system/Database/BaseConnection.php(391): CodeIgniter\Database\MySQLi\Connection->connect(false)
#3 /var/www/html/yggedu/system/Database/BaseConnection.php(573): CodeIgniter\Database\BaseConnection->initialize()
#4 /var/www/html/yggedu/app/Models/EtudiantModel.php(22): CodeIgniter\Database\BaseConnection->query('INSERT INTO Etu...', Array)
#5 /var/www/html/yggedu/app/Controllers/Home.php(11): App\Models\EtudiantModel->insert()
#6 /var/www/html/yggedu/system/CodeIgniter.php(934): App\Controllers\Home->index()
#7 /var/www/html/yggedu/system/CodeIgniter.php(499): CodeIgniter\CodeIgniter->runController(Object(App\Controllers\Home))
#8 /var/www/html/yggedu/system/CodeIgniter.php(368): CodeIgniter\CodeIgniter->handleRequest(NULL, Object(Config\Cache), false)
#9 /var/www/html/yggedu/public/index.php(67): CodeIgniter\CodeIgniter->run()
#10 /var/www/html/yggedu/system/Commands/Server/rewrite.php(47): require_once('/var/www/html/y...')
#11 {main}

Next mysqli_sql_exception: php_network_getaddresses: getaddrinfo for db failed: Name or service not known in /var/www/html/yggedu/system/Database/MySQLi/Connection.php:173
Stack trace:
#0 /var/www/html/yggedu/system/Database/MySQLi/Connection.php(173): mysqli->real_connect('db', 'myuser', Object(SensitiveParameterValue), 'iai_php', NULL, '', 0)
#1 /var/www/html/yggedu/system/Database/BaseConnection.php(391): CodeIgniter\Database\MySQLi\Connection->connect(false)
#2 /var/www/html/yggedu/system/Database/BaseConnection.php(573): CodeIgniter\Database\BaseConnection->initialize()
#3 /var/www/html/yggedu/app/Models/EtudiantModel.php(22): CodeIgniter\Database\BaseConnection->query('INSERT INTO Etu...', Array)
#4 /var/www/html/yggedu/app/Controllers/Home.php(11): App\Models\EtudiantModel->insert()
#5 /var/www/html/yggedu/system/CodeIgniter.php(934): App\Controllers\Home->index()
#6 /var/www/html/yggedu/system/CodeIgniter.php(499): CodeIgniter\CodeIgniter->runController(Object(App\Controllers\Home))
#7 /var/www/html/yggedu/system/CodeIgniter.php(368): CodeIgniter\CodeIgniter->handleRequest(NULL, Object(Config\Cache), false)
#8 /var/www/html/yggedu/public/index.php(67): CodeIgniter\CodeIgniter->run()
#9 /var/www/html/yggedu/system/Commands/Server/rewrite.php(47): require_once('/var/www/html/y...')
#10 {main}

Next CodeIgniter\Database\Exceptions\DatabaseException: php_network_getaddresses: getaddrinfo for db failed: Name or service not known in /var/www/html/yggedu/system/Database/MySQLi/Connection.php:218
Stack trace:
#0 /var/www/html/yggedu/system/Database/BaseConnection.php(391): CodeIgniter\Database\MySQLi\Connection->connect(false)
#1 /var/www/html/yggedu/system/Database/BaseConnection.php(573): CodeIgniter\Database\BaseConnection->initialize()
#2 /var/www/html/yggedu/app/Models/EtudiantModel.php(22): CodeIgniter\Database\BaseConnection->query('INSERT INTO Etu...', Array)
#3 /var/www/html/yggedu/app/Controllers/Home.php(11): App\Models\EtudiantModel->insert()
#4 /var/www/html/yggedu/system/CodeIgniter.php(934): App\Controllers\Home->index()
#5 /var/www/html/yggedu/system/CodeIgniter.php(499): CodeIgniter\CodeIgniter->runController(Object(App\Controllers\Home))
#6 /var/www/html/yggedu/system/CodeIgniter.php(368): CodeIgniter\CodeIgniter->handleRequest(NULL, Object(Config\Cache), false)
#7 /var/www/html/yggedu/public/index.php(67): CodeIgniter\CodeIgniter->run()
#8 /var/www/html/yggedu/system/Commands/Server/rewrite.php(47): require_once('/var/www/html/y...')
#9 {main}
CRITICAL - 2023-04-29 12:47:55 --> Unable to connect to the database.
Main connection [MySQLi]: php_network_getaddresses: getaddrinfo for db failed: Name or service not known
in SYSTEMPATH/Database/BaseConnection.php on line 427.
 1 SYSTEMPATH/Database/BaseConnection.php(573): CodeIgniter\Database\BaseConnection->initialize()
 2 APPPATH/Models/EtudiantModel.php(22): CodeIgniter\Database\BaseConnection->query('INSERT INTO Etudiant VALUES (?,?)', [...])
 3 APPPATH/Controllers/Home.php(11): App\Models\EtudiantModel->insert()
 4 SYSTEMPATH/CodeIgniter.php(934): App\Controllers\Home->index()
 5 SYSTEMPATH/CodeIgniter.php(499): CodeIgniter\CodeIgniter->runController(Object(App\Controllers\Home))
 6 SYSTEMPATH/CodeIgniter.php(368): CodeIgniter\CodeIgniter->handleRequest(null, Object(Config\Cache), false)
 7 FCPATH/index.php(67): CodeIgniter\CodeIgniter->run()
 8 SYSTEMPATH/Commands/Server/rewrite.php(47): require_once('/var/www/html/yggedu/public/index.php')
ERROR - 2023-04-29 12:50:23 --> Error connecting to the database: ErrorException: pg_connect(): Unable to connect to PostgreSQL server: FATAL:  database &quot;Yggedu&quot; does not exist in /var/www/html/yggedu/system/Database/Postgre/Connection.php:75
Stack trace:
#0 [internal function]: CodeIgniter\Debug\Exceptions->errorHandler(2, 'pg_connect(): U...', '/var/www/html/y...', 75)
#1 /var/www/html/yggedu/system/Database/Postgre/Connection.php(75): pg_connect('host=postgres u...')
#2 /var/www/html/yggedu/system/Database/BaseConnection.php(391): CodeIgniter\Database\Postgre\Connection->connect(false)
#3 /var/www/html/yggedu/system/Database/BaseConnection.php(573): CodeIgniter\Database\BaseConnection->initialize()
#4 /var/www/html/yggedu/app/Models/EtudiantModel.php(22): CodeIgniter\Database\BaseConnection->query('INSERT INTO Etu...', Array)
#5 /var/www/html/yggedu/app/Controllers/Home.php(11): App\Models\EtudiantModel->insert()
#6 /var/www/html/yggedu/system/CodeIgniter.php(934): App\Controllers\Home->index()
#7 /var/www/html/yggedu/system/CodeIgniter.php(499): CodeIgniter\CodeIgniter->runController(Object(App\Controllers\Home))
#8 /var/www/html/yggedu/system/CodeIgniter.php(368): CodeIgniter\CodeIgniter->handleRequest(NULL, Object(Config\Cache), false)
#9 /var/www/html/yggedu/public/index.php(67): CodeIgniter\CodeIgniter->run()
#10 /var/www/html/yggedu/system/Commands/Server/rewrite.php(47): require_once('/var/www/html/y...')
#11 {main}
CRITICAL - 2023-04-29 12:50:23 --> Unable to connect to the database.
Main connection [Postgre]: pg_connect(): Unable to connect to PostgreSQL server: FATAL:  database &quot;Yggedu&quot; does not exist
in SYSTEMPATH/Database/BaseConnection.php on line 427.
 1 SYSTEMPATH/Database/BaseConnection.php(573): CodeIgniter\Database\BaseConnection->initialize()
 2 APPPATH/Models/EtudiantModel.php(22): CodeIgniter\Database\BaseConnection->query('INSERT INTO Etudiant VALUES (?,?)', [...])
 3 APPPATH/Controllers/Home.php(11): App\Models\EtudiantModel->insert()
 4 SYSTEMPATH/CodeIgniter.php(934): App\Controllers\Home->index()
 5 SYSTEMPATH/CodeIgniter.php(499): CodeIgniter\CodeIgniter->runController(Object(App\Controllers\Home))
 6 SYSTEMPATH/CodeIgniter.php(368): CodeIgniter\CodeIgniter->handleRequest(null, Object(Config\Cache), false)
 7 FCPATH/index.php(67): CodeIgniter\CodeIgniter->run()
 8 SYSTEMPATH/Commands/Server/rewrite.php(47): require_once('/var/www/html/yggedu/public/index.php')
ERROR - 2023-04-29 12:50:48 --> ErrorException: pg_query(): Query failed: ERROR:  null value in column &quot;id&quot; of relation &quot;etudiant&quot; violates not-null constraint
DETAIL:  Failing row contains (null, null). in /var/www/html/yggedu/system/Database/Postgre/Connection.php:147
Stack trace:
#0 [internal function]: CodeIgniter\Debug\Exceptions->errorHandler(2, 'pg_query(): Que...', '/var/www/html/y...', 147)
#1 /var/www/html/yggedu/system/Database/Postgre/Connection.php(147): pg_query(Object(PgSql\Connection), 'INSERT INTO Etu...')
#2 /var/www/html/yggedu/system/Database/BaseConnection.php(691): CodeIgniter\Database\Postgre\Connection->execute('INSERT INTO Etu...')
#3 /var/www/html/yggedu/system/Database/BaseConnection.php(605): CodeIgniter\Database\BaseConnection->simpleQuery('INSERT INTO Etu...')
#4 /var/www/html/yggedu/app/Models/EtudiantModel.php(22): CodeIgniter\Database\BaseConnection->query('INSERT INTO Etu...', Array)
#5 /var/www/html/yggedu/app/Controllers/Home.php(11): App\Models\EtudiantModel->insert()
#6 /var/www/html/yggedu/system/CodeIgniter.php(934): App\Controllers\Home->index()
#7 /var/www/html/yggedu/system/CodeIgniter.php(499): CodeIgniter\CodeIgniter->runController(Object(App\Controllers\Home))
#8 /var/www/html/yggedu/system/CodeIgniter.php(368): CodeIgniter\CodeIgniter->handleRequest(NULL, Object(Config\Cache), false)
#9 /var/www/html/yggedu/public/index.php(67): CodeIgniter\CodeIgniter->run()
#10 /var/www/html/yggedu/system/Commands/Server/rewrite.php(47): require_once('/var/www/html/y...')
#11 {main}
CRITICAL - 2023-04-29 12:50:48 --> pg_query(): Query failed: ERROR:  null value in column &quot;id&quot; of relation &quot;etudiant&quot; violates not-null constraint
DETAIL:  Failing row contains (null, null).
in SYSTEMPATH/Database/Postgre/Connection.php on line 147.
 1 [internal function]: CodeIgniter\Debug\Exceptions->errorHandler(2, 'pg_query(): Query failed: ERROR:  null value in column &quot;id&quot; of relation &quot;etudiant&quot; violates not-null constraint
DETAIL:  Failing row contains (null, null).', '/var/www/html/yggedu/system/Database/Postgre/Connection.php', 147)
 2 SYSTEMPATH/Database/Postgre/Connection.php(147): pg_query(Object(PgSql\Connection), 'INSERT INTO Etudiant VALUES (NULL,NULL)')
 3 SYSTEMPATH/Database/BaseConnection.php(691): CodeIgniter\Database\Postgre\Connection->execute('INSERT INTO Etudiant VALUES (NULL,NULL)')
 4 SYSTEMPATH/Database/BaseConnection.php(605): CodeIgniter\Database\BaseConnection->simpleQuery('INSERT INTO Etudiant VALUES (NULL,NULL)')
 5 APPPATH/Models/EtudiantModel.php(22): CodeIgniter\Database\BaseConnection->query('INSERT INTO Etudiant VALUES (?,?)', [...])
 6 APPPATH/Controllers/Home.php(11): App\Models\EtudiantModel->insert()
 7 SYSTEMPATH/CodeIgniter.php(934): App\Controllers\Home->index()
 8 SYSTEMPATH/CodeIgniter.php(499): CodeIgniter\CodeIgniter->runController(Object(App\Controllers\Home))
 9 SYSTEMPATH/CodeIgniter.php(368): CodeIgniter\CodeIgniter->handleRequest(null, Object(Config\Cache), false)
10 FCPATH/index.php(67): CodeIgniter\CodeIgniter->run()
11 SYSTEMPATH/Commands/Server/rewrite.php(47): require_once('/var/www/html/yggedu/public/index.php')
ERROR - 2023-04-29 12:51:55 --> ErrorException: pg_query(): Query failed: ERROR:  null value in column &quot;id&quot; of relation &quot;etudiant&quot; violates not-null constraint
DETAIL:  Failing row contains (null, null). in /var/www/html/yggedu/system/Database/Postgre/Connection.php:147
Stack trace:
#0 [internal function]: CodeIgniter\Debug\Exceptions->errorHandler(2, 'pg_query(): Que...', '/var/www/html/y...', 147)
#1 /var/www/html/yggedu/system/Database/Postgre/Connection.php(147): pg_query(Object(PgSql\Connection), 'INSERT INTO Etu...')
#2 /var/www/html/yggedu/system/Database/BaseConnection.php(691): CodeIgniter\Database\Postgre\Connection->execute('INSERT INTO Etu...')
#3 /var/www/html/yggedu/system/Database/BaseConnection.php(605): CodeIgniter\Database\BaseConnection->simpleQuery('INSERT INTO Etu...')
#4 /var/www/html/yggedu/app/Models/EtudiantModel.php(24): CodeIgniter\Database\BaseConnection->query('INSERT INTO Etu...', Array)
#5 /var/www/html/yggedu/app/Controllers/Home.php(11): App\Models\EtudiantModel->insert()
#6 /var/www/html/yggedu/system/CodeIgniter.php(934): App\Controllers\Home->index()
#7 /var/www/html/yggedu/system/CodeIgniter.php(499): CodeIgniter\CodeIgniter->runController(Object(App\Controllers\Home))
#8 /var/www/html/yggedu/system/CodeIgniter.php(368): CodeIgniter\CodeIgniter->handleRequest(NULL, Object(Config\Cache), false)
#9 /var/www/html/yggedu/public/index.php(67): CodeIgniter\CodeIgniter->run()
#10 /var/www/html/yggedu/system/Commands/Server/rewrite.php(47): require_once('/var/www/html/y...')
#11 {main}
CRITICAL - 2023-04-29 12:51:55 --> pg_query(): Query failed: ERROR:  null value in column &quot;id&quot; of relation &quot;etudiant&quot; violates not-null constraint
DETAIL:  Failing row contains (null, null).
in SYSTEMPATH/Database/Postgre/Connection.php on line 147.
 1 [internal function]: CodeIgniter\Debug\Exceptions->errorHandler(2, 'pg_query(): Query failed: ERROR:  null value in column &quot;id&quot; of relation &quot;etudiant&quot; violates not-null constraint
DETAIL:  Failing row contains (null, null).', '/var/www/html/yggedu/system/Database/Postgre/Connection.php', 147)
 2 SYSTEMPATH/Database/Postgre/Connection.php(147): pg_query(Object(PgSql\Connection), 'INSERT INTO Etudiant VALUES (NULL,NULL)')
 3 SYSTEMPATH/Database/BaseConnection.php(691): CodeIgniter\Database\Postgre\Connection->execute('INSERT INTO Etudiant VALUES (NULL,NULL)')
 4 SYSTEMPATH/Database/BaseConnection.php(605): CodeIgniter\Database\BaseConnection->simpleQuery('INSERT INTO Etudiant VALUES (NULL,NULL)')
 5 APPPATH/Models/EtudiantModel.php(24): CodeIgniter\Database\BaseConnection->query('INSERT INTO Etudiant VALUES (?,?)', [...])
 6 APPPATH/Controllers/Home.php(11): App\Models\EtudiantModel->insert()
 7 SYSTEMPATH/CodeIgniter.php(934): App\Controllers\Home->index()
 8 SYSTEMPATH/CodeIgniter.php(499): CodeIgniter\CodeIgniter->runController(Object(App\Controllers\Home))
 9 SYSTEMPATH/CodeIgniter.php(368): CodeIgniter\CodeIgniter->handleRequest(null, Object(Config\Cache), false)
10 FCPATH/index.php(67): CodeIgniter\CodeIgniter->run()
11 SYSTEMPATH/Commands/Server/rewrite.php(47): require_once('/var/www/html/yggedu/public/index.php')
ERROR - 2023-04-29 12:51:58 --> ErrorException: pg_query(): Query failed: ERROR:  null value in column &quot;id&quot; of relation &quot;etudiant&quot; violates not-null constraint
DETAIL:  Failing row contains (null, null). in /var/www/html/yggedu/system/Database/Postgre/Connection.php:147
Stack trace:
#0 [internal function]: CodeIgniter\Debug\Exceptions->errorHandler(2, 'pg_query(): Que...', '/var/www/html/y...', 147)
#1 /var/www/html/yggedu/system/Database/Postgre/Connection.php(147): pg_query(Object(PgSql\Connection), 'INSERT INTO Etu...')
#2 /var/www/html/yggedu/system/Database/BaseConnection.php(691): CodeIgniter\Database\Postgre\Connection->execute('INSERT INTO Etu...')
#3 /var/www/html/yggedu/system/Database/BaseConnection.php(605): CodeIgniter\Database\BaseConnection->simpleQuery('INSERT INTO Etu...')
#4 /var/www/html/yggedu/app/Models/EtudiantModel.php(24): CodeIgniter\Database\BaseConnection->query('INSERT INTO Etu...', Array)
#5 /var/www/html/yggedu/app/Controllers/Home.php(11): App\Models\EtudiantModel->insert()
#6 /var/www/html/yggedu/system/CodeIgniter.php(934): App\Controllers\Home->index()
#7 /var/www/html/yggedu/system/CodeIgniter.php(499): CodeIgniter\CodeIgniter->runController(Object(App\Controllers\Home))
#8 /var/www/html/yggedu/system/CodeIgniter.php(368): CodeIgniter\CodeIgniter->handleRequest(NULL, Object(Config\Cache), false)
#9 /var/www/html/yggedu/public/index.php(67): CodeIgniter\CodeIgniter->run()
#10 /var/www/html/yggedu/system/Commands/Server/rewrite.php(47): require_once('/var/www/html/y...')
#11 {main}
CRITICAL - 2023-04-29 12:51:58 --> pg_query(): Query failed: ERROR:  null value in column &quot;id&quot; of relation &quot;etudiant&quot; violates not-null constraint
DETAIL:  Failing row contains (null, null).
in SYSTEMPATH/Database/Postgre/Connection.php on line 147.
 1 [internal function]: CodeIgniter\Debug\Exceptions->errorHandler(2, 'pg_query(): Query failed: ERROR:  null value in column &quot;id&quot; of relation &quot;etudiant&quot; violates not-null constraint
DETAIL:  Failing row contains (null, null).', '/var/www/html/yggedu/system/Database/Postgre/Connection.php', 147)
 2 SYSTEMPATH/Database/Postgre/Connection.php(147): pg_query(Object(PgSql\Connection), 'INSERT INTO Etudiant VALUES (NULL,NULL)')
 3 SYSTEMPATH/Database/BaseConnection.php(691): CodeIgniter\Database\Postgre\Connection->execute('INSERT INTO Etudiant VALUES (NULL,NULL)')
 4 SYSTEMPATH/Database/BaseConnection.php(605): CodeIgniter\Database\BaseConnection->simpleQuery('INSERT INTO Etudiant VALUES (NULL,NULL)')
 5 APPPATH/Models/EtudiantModel.php(24): CodeIgniter\Database\BaseConnection->query('INSERT INTO Etudiant VALUES (?,?)', [...])
 6 APPPATH/Controllers/Home.php(11): App\Models\EtudiantModel->insert()
 7 SYSTEMPATH/CodeIgniter.php(934): App\Controllers\Home->index()
 8 SYSTEMPATH/CodeIgniter.php(499): CodeIgniter\CodeIgniter->runController(Object(App\Controllers\Home))
 9 SYSTEMPATH/CodeIgniter.php(368): CodeIgniter\CodeIgniter->handleRequest(null, Object(Config\Cache), false)
10 FCPATH/index.php(67): CodeIgniter\CodeIgniter->run()
11 SYSTEMPATH/Commands/Server/rewrite.php(47): require_once('/var/www/html/yggedu/public/index.php')
ERROR - 2023-04-29 12:52:10 --> ErrorException: pg_query(): Query failed: ERROR:  null value in column &quot;id&quot; of relation &quot;etudiant&quot; violates not-null constraint
DETAIL:  Failing row contains (null, null). in /var/www/html/yggedu/system/Database/Postgre/Connection.php:147
Stack trace:
#0 [internal function]: CodeIgniter\Debug\Exceptions->errorHandler(2, 'pg_query(): Que...', '/var/www/html/y...', 147)
#1 /var/www/html/yggedu/system/Database/Postgre/Connection.php(147): pg_query(Object(PgSql\Connection), 'INSERT INTO Etu...')
#2 /var/www/html/yggedu/system/Database/BaseConnection.php(691): CodeIgniter\Database\Postgre\Connection->execute('INSERT INTO Etu...')
#3 /var/www/html/yggedu/system/Database/BaseConnection.php(605): CodeIgniter\Database\BaseConnection->simpleQuery('INSERT INTO Etu...')
#4 /var/www/html/yggedu/app/Models/EtudiantModel.php(25): CodeIgniter\Database\BaseConnection->query('INSERT INTO Etu...', Array)
#5 /var/www/html/yggedu/app/Controllers/Home.php(11): App\Models\EtudiantModel->insert()
#6 /var/www/html/yggedu/system/CodeIgniter.php(934): App\Controllers\Home->index()
#7 /var/www/html/yggedu/system/CodeIgniter.php(499): CodeIgniter\CodeIgniter->runController(Object(App\Controllers\Home))
#8 /var/www/html/yggedu/system/CodeIgniter.php(368): CodeIgniter\CodeIgniter->handleRequest(NULL, Object(Config\Cache), false)
#9 /var/www/html/yggedu/public/index.php(67): CodeIgniter\CodeIgniter->run()
#10 /var/www/html/yggedu/system/Commands/Server/rewrite.php(47): require_once('/var/www/html/y...')
#11 {main}
CRITICAL - 2023-04-29 12:52:10 --> pg_query(): Query failed: ERROR:  null value in column &quot;id&quot; of relation &quot;etudiant&quot; violates not-null constraint
DETAIL:  Failing row contains (null, null).
in SYSTEMPATH/Database/Postgre/Connection.php on line 147.
 1 [internal function]: CodeIgniter\Debug\Exceptions->errorHandler(2, 'pg_query(): Query failed: ERROR:  null value in column &quot;id&quot; of relation &quot;etudiant&quot; violates not-null constraint
DETAIL:  Failing row contains (null, null).', '/var/www/html/yggedu/system/Database/Postgre/Connection.php', 147)
 2 SYSTEMPATH/Database/Postgre/Connection.php(147): pg_query(Object(PgSql\Connection), 'INSERT INTO Etudiant VALUES (NULL,NULL)')
 3 SYSTEMPATH/Database/BaseConnection.php(691): CodeIgniter\Database\Postgre\Connection->execute('INSERT INTO Etudiant VALUES (NULL,NULL)')
 4 SYSTEMPATH/Database/BaseConnection.php(605): CodeIgniter\Database\BaseConnection->simpleQuery('INSERT INTO Etudiant VALUES (NULL,NULL)')
 5 APPPATH/Models/EtudiantModel.php(25): CodeIgniter\Database\BaseConnection->query('INSERT INTO Etudiant VALUES (?,?)', [...])
 6 APPPATH/Controllers/Home.php(11): App\Models\EtudiantModel->insert()
 7 SYSTEMPATH/CodeIgniter.php(934): App\Controllers\Home->index()
 8 SYSTEMPATH/CodeIgniter.php(499): CodeIgniter\CodeIgniter->runController(Object(App\Controllers\Home))
 9 SYSTEMPATH/CodeIgniter.php(368): CodeIgniter\CodeIgniter->handleRequest(null, Object(Config\Cache), false)
10 FCPATH/index.php(67): CodeIgniter\CodeIgniter->run()
11 SYSTEMPATH/Commands/Server/rewrite.php(47): require_once('/var/www/html/yggedu/public/index.php')
ERROR - 2023-04-29 12:52:13 --> ErrorException: pg_query(): Query failed: ERROR:  null value in column &quot;id&quot; of relation &quot;etudiant&quot; violates not-null constraint
DETAIL:  Failing row contains (null, null). in /var/www/html/yggedu/system/Database/Postgre/Connection.php:147
Stack trace:
#0 [internal function]: CodeIgniter\Debug\Exceptions->errorHandler(2, 'pg_query(): Que...', '/var/www/html/y...', 147)
#1 /var/www/html/yggedu/system/Database/Postgre/Connection.php(147): pg_query(Object(PgSql\Connection), 'INSERT INTO Etu...')
#2 /var/www/html/yggedu/system/Database/BaseConnection.php(691): CodeIgniter\Database\Postgre\Connection->execute('INSERT INTO Etu...')
#3 /var/www/html/yggedu/system/Database/BaseConnection.php(605): CodeIgniter\Database\BaseConnection->simpleQuery('INSERT INTO Etu...')
#4 /var/www/html/yggedu/app/Models/EtudiantModel.php(25): CodeIgniter\Database\BaseConnection->query('INSERT INTO Etu...', Array)
#5 /var/www/html/yggedu/app/Controllers/Home.php(11): App\Models\EtudiantModel->insert()
#6 /var/www/html/yggedu/system/CodeIgniter.php(934): App\Controllers\Home->index()
#7 /var/www/html/yggedu/system/CodeIgniter.php(499): CodeIgniter\CodeIgniter->runController(Object(App\Controllers\Home))
#8 /var/www/html/yggedu/system/CodeIgniter.php(368): CodeIgniter\CodeIgniter->handleRequest(NULL, Object(Config\Cache), false)
#9 /var/www/html/yggedu/public/index.php(67): CodeIgniter\CodeIgniter->run()
#10 /var/www/html/yggedu/system/Commands/Server/rewrite.php(47): require_once('/var/www/html/y...')
#11 {main}
CRITICAL - 2023-04-29 12:52:13 --> pg_query(): Query failed: ERROR:  null value in column &quot;id&quot; of relation &quot;etudiant&quot; violates not-null constraint
DETAIL:  Failing row contains (null, null).
in SYSTEMPATH/Database/Postgre/Connection.php on line 147.
 1 [internal function]: CodeIgniter\Debug\Exceptions->errorHandler(2, 'pg_query(): Query failed: ERROR:  null value in column &quot;id&quot; of relation &quot;etudiant&quot; violates not-null constraint
DETAIL:  Failing row contains (null, null).', '/var/www/html/yggedu/system/Database/Postgre/Connection.php', 147)
 2 SYSTEMPATH/Database/Postgre/Connection.php(147): pg_query(Object(PgSql\Connection), 'INSERT INTO Etudiant VALUES (NULL,NULL)')
 3 SYSTEMPATH/Database/BaseConnection.php(691): CodeIgniter\Database\Postgre\Connection->execute('INSERT INTO Etudiant VALUES (NULL,NULL)')
 4 SYSTEMPATH/Database/BaseConnection.php(605): CodeIgniter\Database\BaseConnection->simpleQuery('INSERT INTO Etudiant VALUES (NULL,NULL)')
 5 APPPATH/Models/EtudiantModel.php(25): CodeIgniter\Database\BaseConnection->query('INSERT INTO Etudiant VALUES (?,?)', [...])
 6 APPPATH/Controllers/Home.php(11): App\Models\EtudiantModel->insert()
 7 SYSTEMPATH/CodeIgniter.php(934): App\Controllers\Home->index()
 8 SYSTEMPATH/CodeIgniter.php(499): CodeIgniter\CodeIgniter->runController(Object(App\Controllers\Home))
 9 SYSTEMPATH/CodeIgniter.php(368): CodeIgniter\CodeIgniter->handleRequest(null, Object(Config\Cache), false)
10 FCPATH/index.php(67): CodeIgniter\CodeIgniter->run()
11 SYSTEMPATH/Commands/Server/rewrite.php(47): require_once('/var/www/html/yggedu/public/index.php')
ERROR - 2023-04-29 12:52:13 --> ErrorException: pg_query(): Query failed: ERROR:  null value in column &quot;id&quot; of relation &quot;etudiant&quot; violates not-null constraint
DETAIL:  Failing row contains (null, null). in /var/www/html/yggedu/system/Database/Postgre/Connection.php:147
Stack trace:
#0 [internal function]: CodeIgniter\Debug\Exceptions->errorHandler(2, 'pg_query(): Que...', '/var/www/html/y...', 147)
#1 /var/www/html/yggedu/system/Database/Postgre/Connection.php(147): pg_query(Object(PgSql\Connection), 'INSERT INTO Etu...')
#2 /var/www/html/yggedu/system/Database/BaseConnection.php(691): CodeIgniter\Database\Postgre\Connection->execute('INSERT INTO Etu...')
#3 /var/www/html/yggedu/system/Database/BaseConnection.php(605): CodeIgniter\Database\BaseConnection->simpleQuery('INSERT INTO Etu...')
#4 /var/www/html/yggedu/app/Models/EtudiantModel.php(25): CodeIgniter\Database\BaseConnection->query('INSERT INTO Etu...', Array)
#5 /var/www/html/yggedu/app/Controllers/Home.php(11): App\Models\EtudiantModel->insert()
#6 /var/www/html/yggedu/system/CodeIgniter.php(934): App\Controllers\Home->index()
#7 /var/www/html/yggedu/system/CodeIgniter.php(499): CodeIgniter\CodeIgniter->runController(Object(App\Controllers\Home))
#8 /var/www/html/yggedu/system/CodeIgniter.php(368): CodeIgniter\CodeIgniter->handleRequest(NULL, Object(Config\Cache), false)
#9 /var/www/html/yggedu/public/index.php(67): CodeIgniter\CodeIgniter->run()
#10 /var/www/html/yggedu/system/Commands/Server/rewrite.php(47): require_once('/var/www/html/y...')
#11 {main}
CRITICAL - 2023-04-29 12:52:13 --> pg_query(): Query failed: ERROR:  null value in column &quot;id&quot; of relation &quot;etudiant&quot; violates not-null constraint
DETAIL:  Failing row contains (null, null).
in SYSTEMPATH/Database/Postgre/Connection.php on line 147.
 1 [internal function]: CodeIgniter\Debug\Exceptions->errorHandler(2, 'pg_query(): Query failed: ERROR:  null value in column &quot;id&quot; of relation &quot;etudiant&quot; violates not-null constraint
DETAIL:  Failing row contains (null, null).', '/var/www/html/yggedu/system/Database/Postgre/Connection.php', 147)
 2 SYSTEMPATH/Database/Postgre/Connection.php(147): pg_query(Object(PgSql\Connection), 'INSERT INTO Etudiant VALUES (NULL,NULL)')
 3 SYSTEMPATH/Database/BaseConnection.php(691): CodeIgniter\Database\Postgre\Connection->execute('INSERT INTO Etudiant VALUES (NULL,NULL)')
 4 SYSTEMPATH/Database/BaseConnection.php(605): CodeIgniter\Database\BaseConnection->simpleQuery('INSERT INTO Etudiant VALUES (NULL,NULL)')
 5 APPPATH/Models/EtudiantModel.php(25): CodeIgniter\Database\BaseConnection->query('INSERT INTO Etudiant VALUES (?,?)', [...])
 6 APPPATH/Controllers/Home.php(11): App\Models\EtudiantModel->insert()
 7 SYSTEMPATH/CodeIgniter.php(934): App\Controllers\Home->index()
 8 SYSTEMPATH/CodeIgniter.php(499): CodeIgniter\CodeIgniter->runController(Object(App\Controllers\Home))
 9 SYSTEMPATH/CodeIgniter.php(368): CodeIgniter\CodeIgniter->handleRequest(null, Object(Config\Cache), false)
10 FCPATH/index.php(67): CodeIgniter\CodeIgniter->run()
11 SYSTEMPATH/Commands/Server/rewrite.php(47): require_once('/var/www/html/yggedu/public/index.php')
ERROR - 2023-04-29 12:58:36 --> ErrorException: pg_query(): Query failed: ERROR:  duplicate key value violates unique constraint &quot;etudiant_pkey&quot;
DETAIL:  Key (id)=(99999) already exists. in /var/www/html/yggedu/system/Database/Postgre/Connection.php:147
Stack trace:
#0 [internal function]: CodeIgniter\Debug\Exceptions->errorHandler(2, 'pg_query(): Que...', '/var/www/html/y...', 147)
#1 /var/www/html/yggedu/system/Database/Postgre/Connection.php(147): pg_query(Object(PgSql\Connection), 'INSERT INTO Etu...')
#2 /var/www/html/yggedu/system/Database/BaseConnection.php(691): CodeIgniter\Database\Postgre\Connection->execute('INSERT INTO Etu...')
#3 /var/www/html/yggedu/system/Database/BaseConnection.php(605): CodeIgniter\Database\BaseConnection->simpleQuery('INSERT INTO Etu...')
#4 /var/www/html/yggedu/app/Models/EtudiantModel.php(20): CodeIgniter\Database\BaseConnection->query('INSERT INTO Etu...', Array)
#5 /var/www/html/yggedu/app/Controllers/Home.php(12): App\Models\EtudiantModel->insert()
#6 /var/www/html/yggedu/system/CodeIgniter.php(934): App\Controllers\Home->index()
#7 /var/www/html/yggedu/system/CodeIgniter.php(499): CodeIgniter\CodeIgniter->runController(Object(App\Controllers\Home))
#8 /var/www/html/yggedu/system/CodeIgniter.php(368): CodeIgniter\CodeIgniter->handleRequest(NULL, Object(Config\Cache), false)
#9 /var/www/html/yggedu/public/index.php(67): CodeIgniter\CodeIgniter->run()
#10 /var/www/html/yggedu/system/Commands/Server/rewrite.php(47): require_once('/var/www/html/y...')
#11 {main}
CRITICAL - 2023-04-29 12:58:36 --> pg_query(): Query failed: ERROR:  duplicate key value violates unique constraint &quot;etudiant_pkey&quot;
DETAIL:  Key (id)=(99999) already exists.
in SYSTEMPATH/Database/Postgre/Connection.php on line 147.
 1 [internal function]: CodeIgniter\Debug\Exceptions->errorHandler(2, 'pg_query(): Query failed: ERROR:  duplicate key value violates unique constraint &quot;etudiant_pkey&quot;
DETAIL:  Key (id)=(99999) already exists.', '/var/www/html/yggedu/system/Database/Postgre/Connection.php', 147)
 2 SYSTEMPATH/Database/Postgre/Connection.php(147): pg_query(Object(PgSql\Connection), 'INSERT INTO Etudiant VALUES (\'99999\',\'TESTTEST\')')
 3 SYSTEMPATH/Database/BaseConnection.php(691): CodeIgniter\Database\Postgre\Connection->execute('INSERT INTO Etudiant VALUES (\'99999\',\'TESTTEST\')')
 4 SYSTEMPATH/Database/BaseConnection.php(605): CodeIgniter\Database\BaseConnection->simpleQuery('INSERT INTO Etudiant VALUES (\'99999\',\'TESTTEST\')')
 5 APPPATH/Models/EtudiantModel.php(20): CodeIgniter\Database\BaseConnection->query('INSERT INTO Etudiant VALUES (?,?)', [...])
 6 APPPATH/Controllers/Home.php(12): App\Models\EtudiantModel->insert()
 7 SYSTEMPATH/CodeIgniter.php(934): App\Controllers\Home->index()
 8 SYSTEMPATH/CodeIgniter.php(499): CodeIgniter\CodeIgniter->runController(Object(App\Controllers\Home))
 9 SYSTEMPATH/CodeIgniter.php(368): CodeIgniter\CodeIgniter->handleRequest(null, Object(Config\Cache), false)
10 FCPATH/index.php(67): CodeIgniter\CodeIgniter->run()
11 SYSTEMPATH/Commands/Server/rewrite.php(47): require_once('/var/www/html/yggedu/public/index.php')
ERROR - 2023-04-29 12:59:15 --> ErrorException: pg_query(): Query failed: ERROR:  syntax error at or near &quot;)&quot;
LINE 1: ...E FROM Etudiant WHERE id='99999' and nationalite='TESTTEST')
                                                                      ^ in /var/www/html/yggedu/system/Database/Postgre/Connection.php:147
Stack trace:
#0 [internal function]: CodeIgniter\Debug\Exceptions->errorHandler(2, 'pg_query(): Que...', '/var/www/html/y...', 147)
#1 /var/www/html/yggedu/system/Database/Postgre/Connection.php(147): pg_query(Object(PgSql\Connection), 'DELETE FROM Etu...')
#2 /var/www/html/yggedu/system/Database/BaseConnection.php(691): CodeIgniter\Database\Postgre\Connection->execute('DELETE FROM Etu...')
#3 /var/www/html/yggedu/system/Database/BaseConnection.php(605): CodeIgniter\Database\BaseConnection->simpleQuery('DELETE FROM Etu...')
#4 /var/www/html/yggedu/app/Models/EtudiantModel.php(33): CodeIgniter\Database\BaseConnection->query('DELETE FROM Etu...', Array)
#5 /var/www/html/yggedu/app/Controllers/Home.php(12): App\Models\EtudiantModel->delete()
#6 /var/www/html/yggedu/system/CodeIgniter.php(934): App\Controllers\Home->index()
#7 /var/www/html/yggedu/system/CodeIgniter.php(499): CodeIgniter\CodeIgniter->runController(Object(App\Controllers\Home))
#8 /var/www/html/yggedu/system/CodeIgniter.php(368): CodeIgniter\CodeIgniter->handleRequest(NULL, Object(Config\Cache), false)
#9 /var/www/html/yggedu/public/index.php(67): CodeIgniter\CodeIgniter->run()
#10 /var/www/html/yggedu/system/Commands/Server/rewrite.php(47): require_once('/var/www/html/y...')
#11 {main}
CRITICAL - 2023-04-29 12:59:15 --> pg_query(): Query failed: ERROR:  syntax error at or near &quot;)&quot;
LINE 1: ...E FROM Etudiant WHERE id='99999' and nationalite='TESTTEST')
                                                                      ^
in SYSTEMPATH/Database/Postgre/Connection.php on line 147.
 1 [internal function]: CodeIgniter\Debug\Exceptions->errorHandler(2, 'pg_query(): Query failed: ERROR:  syntax error at or near &quot;)&quot;
LINE 1: ...E FROM Etudiant WHERE id=\'99999\' and nationalite=\'TESTTEST\')
                                                                      ^', '/var/www/html/yggedu/system/Database/Postgre/Connection.php', 147)
 2 SYSTEMPATH/Database/Postgre/Connection.php(147): pg_query(Object(PgSql\Connection), 'DELETE FROM Etudiant WHERE id=\'99999\' and nationalite=\'TESTTEST\')')
 3 SYSTEMPATH/Database/BaseConnection.php(691): CodeIgniter\Database\Postgre\Connection->execute('DELETE FROM Etudiant WHERE id=\'99999\' and nationalite=\'TESTTEST\')')
 4 SYSTEMPATH/Database/BaseConnection.php(605): CodeIgniter\Database\BaseConnection->simpleQuery('DELETE FROM Etudiant WHERE id=\'99999\' and nationalite=\'TESTTEST\')')
 5 APPPATH/Models/EtudiantModel.php(33): CodeIgniter\Database\BaseConnection->query('DELETE FROM Etudiant WHERE id=? and nationalite=?)', [...])
 6 APPPATH/Controllers/Home.php(12): App\Models\EtudiantModel->delete()
 7 SYSTEMPATH/CodeIgniter.php(934): App\Controllers\Home->index()
 8 SYSTEMPATH/CodeIgniter.php(499): CodeIgniter\CodeIgniter->runController(Object(App\Controllers\Home))
 9 SYSTEMPATH/CodeIgniter.php(368): CodeIgniter\CodeIgniter->handleRequest(null, Object(Config\Cache), false)
10 FCPATH/index.php(67): CodeIgniter\CodeIgniter->run()
11 SYSTEMPATH/Commands/Server/rewrite.php(47): require_once('/var/www/html/yggedu/public/index.php')
ERROR - 2023-04-29 13:00:43 --> ErrorException: pg_query(): Query failed: ERROR:  syntax error at or near &quot;)&quot;
LINE 1: ...ROM Etudiant WHERE id= '99999' and nationalite= 'TESTTEST' )
                                                                      ^ in /var/www/html/yggedu/system/Database/Postgre/Connection.php:147
Stack trace:
#0 [internal function]: CodeIgniter\Debug\Exceptions->errorHandler(2, 'pg_query(): Que...', '/var/www/html/y...', 147)
#1 /var/www/html/yggedu/system/Database/Postgre/Connection.php(147): pg_query(Object(PgSql\Connection), 'DELETE FROM Etu...')
#2 /var/www/html/yggedu/system/Database/BaseConnection.php(691): CodeIgniter\Database\Postgre\Connection->execute('DELETE FROM Etu...')
#3 /var/www/html/yggedu/system/Database/BaseConnection.php(605): CodeIgniter\Database\BaseConnection->simpleQuery('DELETE FROM Etu...')
#4 /var/www/html/yggedu/app/Models/EtudiantModel.php(33): CodeIgniter\Database\BaseConnection->query('DELETE FROM Etu...', Array)
#5 /var/www/html/yggedu/app/Controllers/Home.php(12): App\Models\EtudiantModel->delete()
#6 /var/www/html/yggedu/system/CodeIgniter.php(934): App\Controllers\Home->index()
#7 /var/www/html/yggedu/system/CodeIgniter.php(499): CodeIgniter\CodeIgniter->runController(Object(App\Controllers\Home))
#8 /var/www/html/yggedu/system/CodeIgniter.php(368): CodeIgniter\CodeIgniter->handleRequest(NULL, Object(Config\Cache), false)
#9 /var/www/html/yggedu/public/index.php(67): CodeIgniter\CodeIgniter->run()
#10 /var/www/html/yggedu/system/Commands/Server/rewrite.php(47): require_once('/var/www/html/y...')
#11 {main}
CRITICAL - 2023-04-29 13:00:43 --> pg_query(): Query failed: ERROR:  syntax error at or near &quot;)&quot;
LINE 1: ...ROM Etudiant WHERE id= '99999' and nationalite= 'TESTTEST' )
                                                                      ^
in SYSTEMPATH/Database/Postgre/Connection.php on line 147.
 1 [internal function]: CodeIgniter\Debug\Exceptions->errorHandler(2, 'pg_query(): Query failed: ERROR:  syntax error at or near &quot;)&quot;
LINE 1: ...ROM Etudiant WHERE id= \'99999\' and nationalite= \'TESTTEST\' )
                                                                      ^', '/var/www/html/yggedu/system/Database/Postgre/Connection.php', 147)
 2 SYSTEMPATH/Database/Postgre/Connection.php(147): pg_query(Object(PgSql\Connection), 'DELETE FROM Etudiant WHERE id= \'99999\' and nationalite= \'TESTTEST\' )')
 3 SYSTEMPATH/Database/BaseConnection.php(691): CodeIgniter\Database\Postgre\Connection->execute('DELETE FROM Etudiant WHERE id= \'99999\' and nationalite= \'TESTTEST\' )')
 4 SYSTEMPATH/Database/BaseConnection.php(605): CodeIgniter\Database\BaseConnection->simpleQuery('DELETE FROM Etudiant WHERE id= \'99999\' and nationalite= \'TESTTEST\' )')
 5 APPPATH/Models/EtudiantModel.php(33): CodeIgniter\Database\BaseConnection->query('DELETE FROM Etudiant WHERE id= ? and nationalite= ? )', [...])
 6 APPPATH/Controllers/Home.php(12): App\Models\EtudiantModel->delete()
 7 SYSTEMPATH/CodeIgniter.php(934): App\Controllers\Home->index()
 8 SYSTEMPATH/CodeIgniter.php(499): CodeIgniter\CodeIgniter->runController(Object(App\Controllers\Home))
 9 SYSTEMPATH/CodeIgniter.php(368): CodeIgniter\CodeIgniter->handleRequest(null, Object(Config\Cache), false)
10 FCPATH/index.php(67): CodeIgniter\CodeIgniter->run()
11 SYSTEMPATH/Commands/Server/rewrite.php(47): require_once('/var/www/html/yggedu/public/index.php')
ERROR - 2023-04-29 13:02:40 --> ErrorException: pg_query(): Query failed: ERROR:  syntax error at or near &quot;)&quot;
LINE 1: ...ROM Etudiant WHERE id= '99999' and nationalite= 'TESTTEST' )
                                                                      ^ in /var/www/html/yggedu/system/Database/Postgre/Connection.php:147
Stack trace:
#0 [internal function]: CodeIgniter\Debug\Exceptions->errorHandler(2, 'pg_query(): Que...', '/var/www/html/y...', 147)
#1 /var/www/html/yggedu/system/Database/Postgre/Connection.php(147): pg_query(Object(PgSql\Connection), 'DELETE FROM Etu...')
#2 /var/www/html/yggedu/system/Database/BaseConnection.php(691): CodeIgniter\Database\Postgre\Connection->execute('DELETE FROM Etu...')
#3 /var/www/html/yggedu/system/Database/BaseConnection.php(605): CodeIgniter\Database\BaseConnection->simpleQuery('DELETE FROM Etu...')
#4 /var/www/html/yggedu/app/Models/EtudiantModel.php(33): CodeIgniter\Database\BaseConnection->query('DELETE FROM Etu...', Array)
#5 /var/www/html/yggedu/app/Controllers/Home.php(12): App\Models\EtudiantModel->delete()
#6 /var/www/html/yggedu/system/CodeIgniter.php(934): App\Controllers\Home->index()
#7 /var/www/html/yggedu/system/CodeIgniter.php(499): CodeIgniter\CodeIgniter->runController(Object(App\Controllers\Home))
#8 /var/www/html/yggedu/system/CodeIgniter.php(368): CodeIgniter\CodeIgniter->handleRequest(NULL, Object(Config\Cache), false)
#9 /var/www/html/yggedu/public/index.php(67): CodeIgniter\CodeIgniter->run()
#10 /var/www/html/yggedu/system/Commands/Server/rewrite.php(47): require_once('/var/www/html/y...')
#11 {main}
CRITICAL - 2023-04-29 13:02:40 --> pg_query(): Query failed: ERROR:  syntax error at or near &quot;)&quot;
LINE 1: ...ROM Etudiant WHERE id= '99999' and nationalite= 'TESTTEST' )
                                                                      ^
in SYSTEMPATH/Database/Postgre/Connection.php on line 147.
 1 [internal function]: CodeIgniter\Debug\Exceptions->errorHandler(2, 'pg_query(): Query failed: ERROR:  syntax error at or near &quot;)&quot;
LINE 1: ...ROM Etudiant WHERE id= \'99999\' and nationalite= \'TESTTEST\' )
                                                                      ^', '/var/www/html/yggedu/system/Database/Postgre/Connection.php', 147)
 2 SYSTEMPATH/Database/Postgre/Connection.php(147): pg_query(Object(PgSql\Connection), 'DELETE FROM Etudiant WHERE id= \'99999\' and nationalite= \'TESTTEST\' )')
 3 SYSTEMPATH/Database/BaseConnection.php(691): CodeIgniter\Database\Postgre\Connection->execute('DELETE FROM Etudiant WHERE id= \'99999\' and nationalite= \'TESTTEST\' )')
 4 SYSTEMPATH/Database/BaseConnection.php(605): CodeIgniter\Database\BaseConnection->simpleQuery('DELETE FROM Etudiant WHERE id= \'99999\' and nationalite= \'TESTTEST\' )')
 5 APPPATH/Models/EtudiantModel.php(33): CodeIgniter\Database\BaseConnection->query('DELETE FROM Etudiant WHERE id= ? and nationalite= ? )', [...])
 6 APPPATH/Controllers/Home.php(12): App\Models\EtudiantModel->delete()
 7 SYSTEMPATH/CodeIgniter.php(934): App\Controllers\Home->index()
 8 SYSTEMPATH/CodeIgniter.php(499): CodeIgniter\CodeIgniter->runController(Object(App\Controllers\Home))
 9 SYSTEMPATH/CodeIgniter.php(368): CodeIgniter\CodeIgniter->handleRequest(null, Object(Config\Cache), false)
10 FCPATH/index.php(67): CodeIgniter\CodeIgniter->run()
11 SYSTEMPATH/Commands/Server/rewrite.php(47): require_once('/var/www/html/yggedu/public/index.php')
ERROR - 2023-04-29 13:51:16 --> ErrorException: pg_query(): Query failed: ERROR:  duplicate key value violates unique constraint &quot;etudiant_pkey&quot;
DETAIL:  Key (id)=(6969) already exists. in /var/www/html/yggedu/system/Database/Postgre/Connection.php:147
Stack trace:
#0 [internal function]: CodeIgniter\Debug\Exceptions->errorHandler(2, 'pg_query(): Que...', '/var/www/html/y...', 147)
#1 /var/www/html/yggedu/system/Database/Postgre/Connection.php(147): pg_query(Object(PgSql\Connection), 'UPDATE Etudiant...')
#2 /var/www/html/yggedu/system/Database/BaseConnection.php(691): CodeIgniter\Database\Postgre\Connection->execute('UPDATE Etudiant...')
#3 /var/www/html/yggedu/system/Database/BaseConnection.php(605): CodeIgniter\Database\BaseConnection->simpleQuery('UPDATE Etudiant...')
#4 /var/www/html/yggedu/app/Models/EtudiantModel.php(46): CodeIgniter\Database\BaseConnection->query('UPDATE Etudiant...', Array)
#5 /var/www/html/yggedu/app/Controllers/Home.php(14): App\Models\EtudiantModel->update('6969', 'bite')
#6 /var/www/html/yggedu/system/CodeIgniter.php(934): App\Controllers\Home->index()
#7 /var/www/html/yggedu/system/CodeIgniter.php(499): CodeIgniter\CodeIgniter->runController(Object(App\Controllers\Home))
#8 /var/www/html/yggedu/system/CodeIgniter.php(368): CodeIgniter\CodeIgniter->handleRequest(NULL, Object(Config\Cache), false)
#9 /var/www/html/yggedu/public/index.php(67): CodeIgniter\CodeIgniter->run()
#10 /var/www/html/yggedu/system/Commands/Server/rewrite.php(47): require_once('/var/www/html/y...')
#11 {main}
CRITICAL - 2023-04-29 13:51:16 --> pg_query(): Query failed: ERROR:  duplicate key value violates unique constraint &quot;etudiant_pkey&quot;
DETAIL:  Key (id)=(6969) already exists.
in SYSTEMPATH/Database/Postgre/Connection.php on line 147.
 1 [internal function]: CodeIgniter\Debug\Exceptions->errorHandler(2, 'pg_query(): Query failed: ERROR:  duplicate key value violates unique constraint &quot;etudiant_pkey&quot;
DETAIL:  Key (id)=(6969) already exists.', '/var/www/html/yggedu/system/Database/Postgre/Connection.php', 147)
 2 SYSTEMPATH/Database/Postgre/Connection.php(147): pg_query(Object(PgSql\Connection), 'UPDATE Etudiant set id=\'6969\' , nationalite=\'bite\'  WHERE id= \'99999\' and nationalite= \'TESTTEST\'')
 3 SYSTEMPATH/Database/BaseConnection.php(691): CodeIgniter\Database\Postgre\Connection->execute('UPDATE Etudiant set id=\'6969\' , nationalite=\'bite\'  WHERE id= \'99999\' and nationalite= \'TESTTEST\'')
 4 SYSTEMPATH/Database/BaseConnection.php(605): CodeIgniter\Database\BaseConnection->simpleQuery('UPDATE Etudiant set id=\'6969\' , nationalite=\'bite\'  WHERE id= \'99999\' and nationalite= \'TESTTEST\'')
 5 APPPATH/Models/EtudiantModel.php(46): CodeIgniter\Database\BaseConnection->query('UPDATE Etudiant set id=? , nationalite=?  WHERE id= ? and nationalite= ?', [...])
 6 APPPATH/Controllers/Home.php(14): App\Models\EtudiantModel->update('6969', 'bite')
 7 SYSTEMPATH/CodeIgniter.php(934): App\Controllers\Home->index()
 8 SYSTEMPATH/CodeIgniter.php(499): CodeIgniter\CodeIgniter->runController(Object(App\Controllers\Home))
 9 SYSTEMPATH/CodeIgniter.php(368): CodeIgniter\CodeIgniter->handleRequest(null, Object(Config\Cache), false)
10 FCPATH/index.php(67): CodeIgniter\CodeIgniter->run()
11 SYSTEMPATH/Commands/Server/rewrite.php(47): require_once('/var/www/html/yggedu/public/index.php')
ERROR - 2023-04-29 15:48:57 --> ErrorException: pg_query(): Query failed: ERROR:  duplicate key value violates unique constraint &quot;etudiant_pkey&quot;
DETAIL:  Key (id)=(99999) already exists. in /var/www/html/yggedu/system/Database/Postgre/Connection.php:147
Stack trace:
#0 [internal function]: CodeIgniter\Debug\Exceptions->errorHandler(2, 'pg_query(): Que...', '/var/www/html/y...', 147)
#1 /var/www/html/yggedu/system/Database/Postgre/Connection.php(147): pg_query(Object(PgSql\Connection), 'INSERT INTO Etu...')
#2 /var/www/html/yggedu/system/Database/BaseConnection.php(691): CodeIgniter\Database\Postgre\Connection->execute('INSERT INTO Etu...')
#3 /var/www/html/yggedu/system/Database/BaseConnection.php(605): CodeIgniter\Database\BaseConnection->simpleQuery('INSERT INTO Etu...')
#4 /var/www/html/yggedu/app/Models/EtudiantModel.php(31): CodeIgniter\Database\BaseConnection->query('INSERT INTO Etu...', Array)
#5 /var/www/html/yggedu/app/Controllers/Home.php(12): App\Models\EtudiantModel->insert()
#6 /var/www/html/yggedu/system/CodeIgniter.php(934): App\Controllers\Home->index()
#7 /var/www/html/yggedu/system/CodeIgniter.php(499): CodeIgniter\CodeIgniter->runController(Object(App\Controllers\Home))
#8 /var/www/html/yggedu/system/CodeIgniter.php(368): CodeIgniter\CodeIgniter->handleRequest(NULL, Object(Config\Cache), false)
#9 /var/www/html/yggedu/public/index.php(67): CodeIgniter\CodeIgniter->run()
#10 /var/www/html/yggedu/system/Commands/Server/rewrite.php(47): require_once('/var/www/html/y...')
#11 {main}
CRITICAL - 2023-04-29 15:48:57 --> pg_query(): Query failed: ERROR:  duplicate key value violates unique constraint &quot;etudiant_pkey&quot;
DETAIL:  Key (id)=(99999) already exists.
in SYSTEMPATH/Database/Postgre/Connection.php on line 147.
 1 [internal function]: CodeIgniter\Debug\Exceptions->errorHandler(2, 'pg_query(): Query failed: ERROR:  duplicate key value violates unique constraint &quot;etudiant_pkey&quot;
DETAIL:  Key (id)=(99999) already exists.', '/var/www/html/yggedu/system/Database/Postgre/Connection.php', 147)
 2 SYSTEMPATH/Database/Postgre/Connection.php(147): pg_query(Object(PgSql\Connection), 'INSERT INTO Etudiant VALUES (\'99999\',\'TESTTEST\')')
 3 SYSTEMPATH/Database/BaseConnection.php(691): CodeIgniter\Database\Postgre\Connection->execute('INSERT INTO Etudiant VALUES (\'99999\',\'TESTTEST\')')
 4 SYSTEMPATH/Database/BaseConnection.php(605): CodeIgniter\Database\BaseConnection->simpleQuery('INSERT INTO Etudiant VALUES (\'99999\',\'TESTTEST\')')
 5 APPPATH/Models/EtudiantModel.php(31): CodeIgniter\Database\BaseConnection->query('INSERT INTO Etudiant VALUES (?,?)', [...])
 6 APPPATH/Controllers/Home.php(12): App\Models\EtudiantModel->insert()
 7 SYSTEMPATH/CodeIgniter.php(934): App\Controllers\Home->index()
 8 SYSTEMPATH/CodeIgniter.php(499): CodeIgniter\CodeIgniter->runController(Object(App\Controllers\Home))
 9 SYSTEMPATH/CodeIgniter.php(368): CodeIgniter\CodeIgniter->handleRequest(null, Object(Config\Cache), false)
10 FCPATH/index.php(67): CodeIgniter\CodeIgniter->run()
11 SYSTEMPATH/Commands/Server/rewrite.php(47): require_once('/var/www/html/yggedu/public/index.php')
ERROR - 2023-04-29 15:49:21 --> ErrorException: pg_query(): Query failed: ERROR:  duplicate key value violates unique constraint &quot;etudiant_pkey&quot;
DETAIL:  Key (id)=(99999) already exists. in /var/www/html/yggedu/system/Database/Postgre/Connection.php:147
Stack trace:
#0 [internal function]: CodeIgniter\Debug\Exceptions->errorHandler(2, 'pg_query(): Que...', '/var/www/html/y...', 147)
#1 /var/www/html/yggedu/system/Database/Postgre/Connection.php(147): pg_query(Object(PgSql\Connection), 'INSERT INTO Etu...')
#2 /var/www/html/yggedu/system/Database/BaseConnection.php(691): CodeIgniter\Database\Postgre\Connection->execute('INSERT INTO Etu...')
#3 /var/www/html/yggedu/system/Database/BaseConnection.php(605): CodeIgniter\Database\BaseConnection->simpleQuery('INSERT INTO Etu...')
#4 /var/www/html/yggedu/app/Models/EtudiantModel.php(31): CodeIgniter\Database\BaseConnection->query('INSERT INTO Etu...', Array)
#5 /var/www/html/yggedu/app/Controllers/Home.php(12): App\Models\EtudiantModel->insert()
#6 /var/www/html/yggedu/system/CodeIgniter.php(934): App\Controllers\Home->index()
#7 /var/www/html/yggedu/system/CodeIgniter.php(499): CodeIgniter\CodeIgniter->runController(Object(App\Controllers\Home))
#8 /var/www/html/yggedu/system/CodeIgniter.php(368): CodeIgniter\CodeIgniter->handleRequest(NULL, Object(Config\Cache), false)
#9 /var/www/html/yggedu/public/index.php(67): CodeIgniter\CodeIgniter->run()
#10 /var/www/html/yggedu/system/Commands/Server/rewrite.php(47): require_once('/var/www/html/y...')
#11 {main}
CRITICAL - 2023-04-29 15:49:21 --> pg_query(): Query failed: ERROR:  duplicate key value violates unique constraint &quot;etudiant_pkey&quot;
DETAIL:  Key (id)=(99999) already exists.
in SYSTEMPATH/Database/Postgre/Connection.php on line 147.
 1 [internal function]: CodeIgniter\Debug\Exceptions->errorHandler(2, 'pg_query(): Query failed: ERROR:  duplicate key value violates unique constraint &quot;etudiant_pkey&quot;
DETAIL:  Key (id)=(99999) already exists.', '/var/www/html/yggedu/system/Database/Postgre/Connection.php', 147)
 2 SYSTEMPATH/Database/Postgre/Connection.php(147): pg_query(Object(PgSql\Connection), 'INSERT INTO Etudiant VALUES (\'99999\',\'TESTTEST\')')
 3 SYSTEMPATH/Database/BaseConnection.php(691): CodeIgniter\Database\Postgre\Connection->execute('INSERT INTO Etudiant VALUES (\'99999\',\'TESTTEST\')')
 4 SYSTEMPATH/Database/BaseConnection.php(605): CodeIgniter\Database\BaseConnection->simpleQuery('INSERT INTO Etudiant VALUES (\'99999\',\'TESTTEST\')')
 5 APPPATH/Models/EtudiantModel.php(31): CodeIgniter\Database\BaseConnection->query('INSERT INTO Etudiant VALUES (?,?)', [...])
 6 APPPATH/Controllers/Home.php(12): App\Models\EtudiantModel->insert()
 7 SYSTEMPATH/CodeIgniter.php(934): App\Controllers\Home->index()
 8 SYSTEMPATH/CodeIgniter.php(499): CodeIgniter\CodeIgniter->runController(Object(App\Controllers\Home))
 9 SYSTEMPATH/CodeIgniter.php(368): CodeIgniter\CodeIgniter->handleRequest(null, Object(Config\Cache), false)
10 FCPATH/index.php(67): CodeIgniter\CodeIgniter->run()
11 SYSTEMPATH/Commands/Server/rewrite.php(47): require_once('/var/www/html/yggedu/public/index.php')
